Traceback (most recent call last):
  File "/specific/netapp5/joberant/nlp_fall_2021/shlomotannor/anaconda3/envs/tell/bin/allennlp", line 8, in <module>
    sys.exit(run())
  File "/specific/netapp5/joberant/nlp_fall_2021/shlomotannor/anaconda3/envs/tell/lib/python3.7/site-packages/allennlp/run.py", line 18, in run
    main(prog="allennlp")
  File "/specific/netapp5/joberant/nlp_fall_2021/shlomotannor/anaconda3/envs/tell/lib/python3.7/site-packages/allennlp/commands/__init__.py", line 102, in main
    args.func(args)
  File "/specific/netapp5/joberant/nlp_fall_2021/shlomotannor/anaconda3/envs/tell/lib/python3.7/site-packages/allennlp/commands/train.py", line 124, in train_model_from_args
    args.cache_prefix)
  File "/specific/netapp5/joberant/nlp_fall_2021/shlomotannor/anaconda3/envs/tell/lib/python3.7/site-packages/allennlp/commands/train.py", line 168, in train_model_from_file
    cache_directory, cache_prefix)
  File "/specific/netapp5/joberant/nlp_fall_2021/shlomotannor/anaconda3/envs/tell/lib/python3.7/site-packages/allennlp/commands/train.py", line 226, in train_model
    cache_prefix)
  File "/specific/netapp5/joberant/nlp_fall_2021/shlomotannor/anaconda3/envs/tell/lib/python3.7/site-packages/allennlp/training/trainer_pieces.py", line 42, in from_params
    all_datasets = training_util.datasets_from_params(params, cache_directory, cache_prefix)
  File "/specific/netapp5/joberant/nlp_fall_2021/shlomotannor/anaconda3/envs/tell/lib/python3.7/site-packages/allennlp/training/util.py", line 165, in datasets_from_params
    dataset_reader = DatasetReader.from_params(dataset_reader_params)
  File "/specific/netapp5/joberant/nlp_fall_2021/shlomotannor/anaconda3/envs/tell/lib/python3.7/site-packages/allennlp/common/from_params.py", line 365, in from_params
    return subclass.from_params(params=params, **extras)
  File "/specific/netapp5/joberant/nlp_fall_2021/shlomotannor/anaconda3/envs/tell/lib/python3.7/site-packages/allennlp/common/from_params.py", line 386, in from_params
    kwargs = create_kwargs(cls, params, **extras)
  File "/specific/netapp5/joberant/nlp_fall_2021/shlomotannor/anaconda3/envs/tell/lib/python3.7/site-packages/allennlp/common/from_params.py", line 133, in create_kwargs
    kwargs[name] = construct_arg(cls, name, annotation, param.default, params, **extras)
  File "/specific/netapp5/joberant/nlp_fall_2021/shlomotannor/anaconda3/envs/tell/lib/python3.7/site-packages/allennlp/common/from_params.py", line 229, in construct_arg
    return annotation.from_params(params=subparams, **subextras)
  File "/specific/netapp5/joberant/nlp_fall_2021/shlomotannor/anaconda3/envs/tell/lib/python3.7/site-packages/allennlp/common/from_params.py", line 365, in from_params
    return subclass.from_params(params=params, **extras)
  File "/specific/netapp5/joberant/nlp_fall_2021/shlomotannor/anaconda3/envs/tell/lib/python3.7/site-packages/allennlp/common/from_params.py", line 386, in from_params
    kwargs = create_kwargs(cls, params, **extras)
  File "/specific/netapp5/joberant/nlp_fall_2021/shlomotannor/anaconda3/envs/tell/lib/python3.7/site-packages/allennlp/common/from_params.py", line 133, in create_kwargs
    kwargs[name] = construct_arg(cls, name, annotation, param.default, params, **extras)
  File "/specific/netapp5/joberant/nlp_fall_2021/shlomotannor/anaconda3/envs/tell/lib/python3.7/site-packages/allennlp/common/from_params.py", line 227, in construct_arg
    return annotation.by_name(subparams)()
  File "/specific/netapp5/joberant/nlp_fall_2021/shlomotannor/anaconda3/envs/tell/lib/python3.7/site-packages/allennlp/common/registrable.py", line 97, in by_name
    raise ConfigurationError(f"{name} is not a registered name for {cls.__name__}. "
allennlp.common.checks.ConfigurationError: 'just_spaces_keep_newlines is not a registered name for WordSplitter. You probably need to use the --include-package flag to load your custom code. Alternatively, you can specify your choices using fully-qualified paths, e.g. {"model": "my_module.models.MyModel"} in which case they will be automatically imported correctly.'
