Using cache found in /a/home/cc/students/cs/shlomotannor/.cache/torch/hub/pytorch_fairseq_2f7e3f3323
Using cache found in /a/home/cc/students/cs/shlomotannor/.cache/torch/hub/pytorch_fairseq_2f7e3f3323
0it [00:00, ?it/s]
1512it [00:10, 151.20it/s]
1593it [00:10, 153.25it/s]

Using cache found in /a/home/cc/students/cs/shlomotannor/.cache/torch/hub/pytorch_fairseq_2f7e3f3323
  0%|          | 0/4096 [00:00<?, ?it/s]
/specific/netapp5/joberant/nlp_fall_2021/shlomotannor/anaconda3/envs/tell/lib/python3.7/site-packages/torch/nn/modules/loss.py:432: UserWarning: Using a target size (torch.Size([15, 1])) that is different to the input size (torch.Size([15])). This will likely lead to incorrect results due to broadcasting. Please ensure they have the same size.
  return F.mse_loss(input, target, reduction=self.reduction)
loss: 415.3793 ||:   0%|          | 1/4096 [01:25<97:08:19, 85.40s/it]
loss: 293.4375 ||:   0%|          | 3/4096 [01:40<70:31:59, 62.04s/it]
loss: 976.0615 ||:   0%|          | 5/4096 [01:56<52:00:57, 45.77s/it]
loss: 697.6730 ||:   0%|          | 7/4096 [02:11<38:58:11, 34.31s/it]
loss: 542.6788 ||:   0%|          | 9/4096 [02:22<29:14:11, 25.75s/it]
loss: 444.1846 ||:   0%|          | 11/4096 [02:38<23:04:18, 20.33s/it]
loss: 376.1764 ||:   0%|          | 13/4096 [02:52<18:38:40, 16.44s/it]
loss: 326.2282 ||:   0%|          | 15/4096 [03:07<15:31:49, 13.70s/it]
loss: 288.0589 ||:   0%|          | 17/4096 [03:19<12:58:50, 11.46s/it]
loss: 257.9234 ||:   0%|          | 19/4096 [03:34<11:32:18, 10.19s/it]
loss: 237.6904 ||:   1%|          | 21/4096 [03:47<10:13:46,  9.04s/it]
loss: 217.1236 ||:   1%|          | 23/4096 [04:01<9:32:32,  8.43s/it] 
loss: 325.9020 ||:   1%|          | 25/4096 [04:12<8:35:57,  7.60s/it]
loss: 301.8845 ||:   1%|          | 27/4096 [04:26<8:23:00,  7.42s/it]
loss: 281.1802 ||:   1%|          | 29/4096 [04:40<8:19:10,  7.36s/it]
loss: 263.1589 ||:   1%|          | 31/4096 [04:56<8:29:35,  7.52s/it]
loss: 247.9592 ||:   1%|          | 33/4096 [05:10<8:14:19,  7.30s/it]
loss: 234.1700 ||:   1%|          | 35/4096 [05:22<7:51:16,  6.96s/it]
loss: 221.5884 ||:   1%|          | 37/4096 [05:37<7:58:12,  7.07s/it]
loss: 210.2712 ||:   1%|          | 39/4096 [05:52<8:05:05,  7.17s/it]
loss: 195.3258 ||:   1%|1         | 42/4096 [06:09<7:34:58,  6.73s/it]
loss: 186.5972 ||:   1%|1         | 44/4096 [06:25<7:59:18,  7.10s/it]
loss: 178.5613 ||:   1%|1         | 46/4096 [06:37<7:43:46,  6.87s/it]
loss: 171.2057 ||:   1%|1         | 48/4096 [06:52<7:52:49,  7.01s/it]
loss: 164.4365 ||:   1%|1         | 50/4096 [07:07<7:59:38,  7.11s/it]
loss: 160.0082 ||:   1%|1         | 52/4096 [07:20<7:48:04,  6.94s/it]
loss: 154.1840 ||:   1%|1         | 54/4096 [07:34<7:49:24,  6.97s/it]
loss: 148.6967 ||:   1%|1         | 56/4096 [07:48<7:54:38,  7.05s/it]
loss: 143.6158 ||:   1%|1         | 58/4096 [08:03<8:02:22,  7.17s/it]
loss: 138.8771 ||:   1%|1         | 60/4096 [08:19<8:16:36,  7.38s/it]
loss: 134.4498 ||:   2%|1         | 62/4096 [08:32<8:01:23,  7.16s/it]
loss: 130.3113 ||:   2%|1         | 64/4096 [08:47<8:01:53,  7.17s/it]
loss: 126.4079 ||:   2%|1         | 66/4096 [08:59<7:39:18,  6.84s/it]
loss: 122.7621 ||:   2%|1         | 68/4096 [09:11<7:29:01,  6.69s/it]
loss: 119.2960 ||:   2%|1         | 70/4096 [09:23<7:06:43,  6.36s/it]
loss: 116.0247 ||:   2%|1         | 72/4096 [09:37<7:20:17,  6.56s/it]
loss: 112.9344 ||:   2%|1         | 74/4096 [09:52<7:44:32,  6.93s/it]
loss: 110.0023 ||:   2%|1         | 76/4096 [10:04<7:22:50,  6.61s/it]
loss: 107.2038 ||:   2%|1         | 78/4096 [10:17<7:19:06,  6.56s/it]
loss: 104.5525 ||:   2%|1         | 80/4096 [10:31<7:33:45,  6.78s/it]
loss: 102.0506 ||:   2%|2         | 82/4096 [10:45<7:32:56,  6.77s/it]
loss: 99.6683 ||:   2%|2         | 84/4096 [10:59<7:35:34,  6.81s/it] 
loss: 97.3834 ||:   2%|2         | 86/4096 [11:13<7:43:04,  6.93s/it]
loss: 95.2127 ||:   2%|2         | 88/4096 [11:25<7:25:28,  6.67s/it]
loss: 93.3414 ||:   2%|2         | 90/4096 [11:37<7:13:13,  6.49s/it]
loss: 91.3522 ||:   2%|2         | 92/4096 [11:50<7:11:15,  6.46s/it]
loss: 89.4427 ||:   2%|2         | 94/4096 [12:02<6:57:40,  6.26s/it]
loss: 87.6166 ||:   2%|2         | 96/4096 [12:18<7:34:16,  6.81s/it]
loss: 85.8778 ||:   2%|2         | 98/4096 [12:35<8:03:39,  7.26s/it]
loss: 84.1791 ||:   2%|2         | 100/4096 [12:50<8:14:08,  7.42s/it]
loss: 82.5613 ||:   2%|2         | 102/4096 [13:03<7:57:04,  7.17s/it]
loss: 80.9973 ||:   3%|2         | 104/4096 [13:14<7:23:16,  6.66s/it]
loss: 82.5648 ||:   3%|2         | 106/4096 [13:27<7:12:10,  6.50s/it]
loss: 81.0879 ||:   3%|2         | 108/4096 [13:43<7:41:42,  6.95s/it]
loss: 79.6681 ||:   3%|2         | 110/4096 [13:59<8:11:48,  7.40s/it]
loss: 78.2829 ||:   3%|2         | 112/4096 [14:13<7:56:08,  7.17s/it]
loss: 76.9130 ||:   3%|2         | 114/4096 [14:27<7:59:10,  7.22s/it]
loss: 75.6170 ||:   3%|2         | 116/4096 [14:42<7:57:19,  7.20s/it]
loss: 74.3640 ||:   3%|2         | 118/4096 [14:57<8:03:03,  7.29s/it]
loss: 73.1373 ||:   3%|2         | 120/4096 [15:12<8:13:32,  7.45s/it]
loss: 71.9678 ||:   3%|2         | 122/4096 [15:28<8:22:12,  7.58s/it]
loss: 70.8356 ||:   3%|3         | 124/4096 [15:44<8:26:09,  7.65s/it]
loss: 69.7370 ||:   3%|3         | 126/4096 [15:58<8:19:17,  7.55s/it]
loss: 68.6746 ||:   3%|3         | 128/4096 [16:13<8:14:35,  7.48s/it]
loss: 67.6488 ||:   3%|3         | 130/4096 [16:26<7:59:12,  7.25s/it]
loss: 66.6492 ||:   3%|3         | 132/4096 [16:40<7:47:56,  7.08s/it]
loss: 65.6651 ||:   3%|3         | 134/4096 [16:55<7:54:52,  7.19s/it]
loss: 64.7185 ||:   3%|3         | 136/4096 [17:08<7:45:17,  7.05s/it]
loss: 63.8176 ||:   3%|3         | 138/4096 [17:22<7:39:31,  6.97s/it]
loss: 62.9448 ||:   3%|3         | 140/4096 [17:34<7:25:07,  6.75s/it]
loss: 62.0874 ||:   3%|3         | 142/4096 [17:46<7:11:52,  6.55s/it]
loss: 61.3330 ||:   4%|3         | 144/4096 [18:00<7:13:26,  6.58s/it]
loss: 60.6681 ||:   4%|3         | 146/4096 [18:12<7:03:11,  6.43s/it]
loss: 59.8578 ||:   4%|3         | 148/4096 [18:27<7:23:40,  6.74s/it]
loss: 59.0885 ||:   4%|3         | 150/4096 [18:39<7:15:11,  6.62s/it]
loss: 58.3415 ||:   4%|3         | 152/4096 [18:55<7:39:09,  6.99s/it]
loss: 57.6131 ||:   4%|3         | 154/4096 [19:08<7:25:30,  6.78s/it]
/specific/netapp5/joberant/nlp_fall_2021/shlomotannor/anaconda3/envs/tell/lib/python3.7/site-packages/torch/nn/modules/loss.py:432: UserWarning: Using a target size (torch.Size([2, 1])) that is different to the input size (torch.Size([2])). This will likely lead to incorrect results due to broadcasting. Please ensure they have the same size.
  return F.mse_loss(input, target, reduction=self.reduction)
loss: 56.5409 ||:   4%|3         | 157/4096 [19:20<6:33:42,  6.00s/it]
loss: 55.5069 ||:   4%|3         | 160/4096 [19:38<6:29:44,  5.94s/it]
loss: 54.8407 ||:   4%|3         | 162/4096 [19:50<6:37:19,  6.06s/it]
loss: 54.1999 ||:   4%|4         | 164/4096 [20:04<6:47:57,  6.23s/it]
loss: 53.5722 ||:   4%|4         | 166/4096 [20:18<7:12:13,  6.60s/it]
loss: 52.9368 ||:   4%|4         | 168/4096 [20:32<7:16:56,  6.67s/it]
loss: 52.3329 ||:   4%|4         | 170/4096 [20:45<7:07:42,  6.54s/it]
loss: 51.7367 ||:   4%|4         | 172/4096 [20:57<6:57:39,  6.39s/it]
loss: 51.1542 ||:   4%|4         | 174/4096 [21:10<7:06:40,  6.53s/it]
loss: 50.5795 ||:   4%|4         | 176/4096 [21:25<7:22:45,  6.78s/it]
loss: 50.0327 ||:   4%|4         | 178/4096 [21:38<7:12:45,  6.63s/it]
loss: 49.4836 ||:   4%|4         | 180/4096 [21:49<6:57:31,  6.40s/it]
loss: 48.9501 ||:   4%|4         | 182/4096 [22:00<6:36:25,  6.08s/it]
loss: 48.4373 ||:   4%|4         | 184/4096 [22:15<6:59:36,  6.44s/it]
loss: 47.9382 ||:   5%|4         | 186/4096 [22:26<6:49:32,  6.28s/it]
loss: 47.4444 ||:   5%|4         | 188/4096 [22:40<6:59:47,  6.45s/it]
loss: 47.2596 ||:   5%|4         | 190/4096 [22:55<7:15:42,  6.69s/it]
loss: 46.7830 ||:   5%|4         | 192/4096 [23:08<7:18:50,  6.74s/it]
loss: 46.3274 ||:   5%|4         | 194/4096 [23:23<7:29:06,  6.91s/it]
loss: 46.4254 ||:   5%|4         | 196/4096 [23:35<7:07:03,  6.57s/it]
loss: 45.9806 ||:   5%|4         | 198/4096 [23:48<7:08:20,  6.59s/it]
loss: 45.5419 ||:   5%|4         | 200/4096 [24:05<7:47:23,  7.20s/it]
loss: 45.1052 ||:   5%|4         | 202/4096 [24:17<7:19:11,  6.77s/it]
loss: 44.6878 ||:   5%|4         | 204/4096 [24:28<6:58:45,  6.46s/it]
loss: 44.2653 ||:   5%|5         | 206/4096 [24:39<6:43:44,  6.23s/it]
loss: 43.8550 ||:   5%|5         | 208/4096 [24:52<6:48:39,  6.31s/it]
loss: 43.4502 ||:   5%|5         | 210/4096 [25:03<6:26:23,  5.97s/it]
loss: 43.0655 ||:   5%|5         | 212/4096 [25:13<6:10:26,  5.72s/it]
loss: 42.4907 ||:   5%|5         | 215/4096 [25:27<5:49:31,  5.40s/it]
loss: 41.9242 ||:   5%|5         | 218/4096 [25:43<5:48:34,  5.39s/it]
loss: 41.5511 ||:   5%|5         | 220/4096 [25:54<5:46:30,  5.36s/it]
loss: 41.1934 ||:   5%|5         | 222/4096 [26:06<5:58:29,  5.55s/it]
loss: 40.8441 ||:   5%|5         | 224/4096 [26:18<6:06:02,  5.67s/it]
loss: 40.4871 ||:   6%|5         | 226/4096 [26:30<6:20:05,  5.89s/it]
loss: 40.1455 ||:   6%|5         | 228/4096 [26:42<6:16:56,  5.85s/it]
loss: 39.6553 ||:   6%|5         | 231/4096 [26:59<6:10:58,  5.76s/it]
loss: 39.3318 ||:   6%|5         | 233/4096 [27:13<6:42:03,  6.24s/it]
loss: 39.0055 ||:   6%|5         | 235/4096 [27:24<6:27:20,  6.02s/it]
loss: 38.6903 ||:   6%|5         | 237/4096 [27:38<6:42:04,  6.25s/it]
loss: 38.3837 ||:   6%|5         | 239/4096 [27:52<6:54:10,  6.44s/it]
loss: 38.0764 ||:   6%|5         | 241/4096 [28:02<6:33:01,  6.12s/it]
loss: 37.7773 ||:   6%|5         | 243/4096 [28:13<6:16:54,  5.87s/it]
loss: 37.4853 ||:   6%|5         | 245/4096 [28:24<6:12:34,  5.80s/it]
loss: 37.2005 ||:   6%|6         | 247/4096 [28:35<6:03:38,  5.67s/it]
loss: 36.9161 ||:   6%|6         | 249/4096 [28:50<6:41:35,  6.26s/it]
loss: 36.6343 ||:   6%|6         | 251/4096 [29:04<6:56:28,  6.50s/it]
loss: 38.0126 ||:   6%|6         | 253/4096 [29:15<6:36:35,  6.19s/it]
loss: 37.7198 ||:   6%|6         | 255/4096 [29:28<6:37:33,  6.21s/it]
loss: 37.4411 ||:   6%|6         | 257/4096 [29:40<6:39:40,  6.25s/it]
loss: 37.1646 ||:   6%|6         | 259/4096 [29:52<6:27:05,  6.05s/it]
loss: 36.8949 ||:   6%|6         | 261/4096 [30:04<6:26:53,  6.05s/it]
loss: 36.6216 ||:   6%|6         | 263/4096 [30:15<6:19:54,  5.95s/it]
loss: 36.2180 ||:   6%|6         | 266/4096 [30:30<5:59:26,  5.63s/it]
loss: 35.8247 ||:   7%|6         | 269/4096 [30:49<6:16:06,  5.90s/it]
loss: 35.4513 ||:   7%|6         | 272/4096 [31:05<6:01:19,  5.67s/it]
loss: 35.2035 ||:   7%|6         | 274/4096 [31:17<6:07:32,  5.77s/it]
loss: 34.9521 ||:   7%|6         | 276/4096 [31:30<6:26:10,  6.07s/it]
loss: 34.7182 ||:   7%|6         | 278/4096 [31:41<6:12:27,  5.85s/it]
loss: 34.4823 ||:   7%|6         | 280/4096 [31:54<6:27:29,  6.09s/it]
loss: 34.2549 ||:   7%|6         | 282/4096 [32:07<6:35:43,  6.23s/it]
loss: 34.0266 ||:   7%|6         | 284/4096 [32:22<6:56:01,  6.55s/it]
loss: 33.8000 ||:   7%|6         | 286/4096 [32:34<6:46:57,  6.41s/it]
loss: 33.5746 ||:   7%|7         | 288/4096 [32:47<6:48:20,  6.43s/it]
loss: 33.3575 ||:   7%|7         | 290/4096 [32:59<6:33:26,  6.20s/it]
loss: 33.0249 ||:   7%|7         | 293/4096 [33:13<6:04:21,  5.75s/it]
loss: 32.7097 ||:   7%|7         | 296/4096 [33:32<6:17:06,  5.95s/it]
loss: 32.4955 ||:   7%|7         | 298/4096 [33:45<6:31:53,  6.19s/it]
loss: 32.2880 ||:   7%|7         | 300/4096 [33:58<6:32:41,  6.21s/it]
loss: 32.0902 ||:   7%|7         | 302/4096 [34:12<6:46:08,  6.42s/it]
loss: 31.8909 ||:   7%|7         | 304/4096 [34:24<6:43:06,  6.38s/it]
loss: 31.6956 ||:   7%|7         | 306/4096 [34:38<6:53:44,  6.55s/it]
loss: 31.5039 ||:   8%|7         | 308/4096 [34:50<6:45:23,  6.42s/it]
loss: 31.2158 ||:   8%|7         | 311/4096 [35:04<6:12:14,  5.90s/it]
loss: 30.9374 ||:   8%|7         | 314/4096 [35:21<6:02:43,  5.75s/it]
loss: 30.6629 ||:   8%|7         | 317/4096 [35:34<5:40:01,  5.40s/it]
loss: 30.3958 ||:   8%|7         | 320/4096 [35:50<5:35:43,  5.33s/it]
loss: 30.2157 ||:   8%|7         | 322/4096 [36:02<5:48:18,  5.54s/it]
loss: 30.0398 ||:   8%|7         | 324/4096 [36:14<5:55:15,  5.65s/it]
loss: 29.8640 ||:   8%|7         | 326/4096 [36:26<6:01:37,  5.76s/it]
loss: 29.6914 ||:   8%|8         | 328/4096 [36:38<6:03:38,  5.79s/it]
loss: 29.5173 ||:   8%|8         | 330/4096 [36:48<5:53:04,  5.63s/it]
loss: 29.3501 ||:   8%|8         | 332/4096 [37:00<5:56:39,  5.69s/it]
loss: 29.1801 ||:   8%|8         | 334/4096 [37:11<5:52:28,  5.62s/it]
loss: 29.0176 ||:   8%|8         | 336/4096 [37:21<5:45:39,  5.52s/it]
loss: 28.8586 ||:   8%|8         | 338/4096 [37:33<5:50:18,  5.59s/it]
loss: 28.6978 ||:   8%|8         | 340/4096 [37:45<6:03:45,  5.81s/it]
loss: 28.5397 ||:   8%|8         | 342/4096 [37:57<6:02:51,  5.80s/it]
loss: 28.3799 ||:   8%|8         | 344/4096 [38:09<6:10:26,  5.92s/it]
loss: 28.2224 ||:   8%|8         | 346/4096 [38:21<6:12:28,  5.96s/it]
loss: 28.0707 ||:   8%|8         | 348/4096 [38:33<6:08:08,  5.89s/it]
loss: 27.9245 ||:   9%|8         | 350/4096 [38:44<6:04:35,  5.84s/it]
loss: 27.7735 ||:   9%|8         | 352/4096 [38:55<5:57:56,  5.74s/it]
loss: 27.6257 ||:   9%|8         | 354/4096 [39:07<6:03:09,  5.82s/it]
loss: 27.4798 ||:   9%|8         | 356/4096 [39:20<6:12:45,  5.98s/it]
loss: 27.3328 ||:   9%|8         | 358/4096 [39:33<6:26:04,  6.20s/it]
loss: 27.1948 ||:   9%|8         | 360/4096 [39:47<6:35:45,  6.36s/it]
loss: 27.0548 ||:   9%|8         | 362/4096 [39:57<6:11:07,  5.96s/it]
loss: 26.9189 ||:   9%|8         | 364/4096 [40:12<6:36:51,  6.38s/it]
loss: 26.7737 ||:   9%|8         | 366/4096 [40:25<6:37:24,  6.39s/it]
loss: 26.6356 ||:   9%|8         | 368/4096 [40:36<6:26:05,  6.21s/it]
loss: 26.5029 ||:   9%|9         | 370/4096 [40:48<6:19:30,  6.11s/it]
loss: 26.3673 ||:   9%|9         | 372/4096 [41:01<6:24:41,  6.20s/it]
loss: 26.2361 ||:   9%|9         | 374/4096 [41:15<6:45:08,  6.53s/it]
loss: 26.0426 ||:   9%|9         | 377/4096 [41:31<6:18:45,  6.11s/it]
loss: 25.9095 ||:   9%|9         | 379/4096 [41:41<6:03:31,  5.87s/it]
loss: 25.7818 ||:   9%|9         | 381/4096 [41:54<6:14:43,  6.05s/it]
loss: 25.5940 ||:   9%|9         | 384/4096 [42:09<5:54:41,  5.73s/it]
loss: 25.4031 ||:   9%|9         | 387/4096 [42:25<5:46:17,  5.60s/it]
loss: 25.2795 ||:   9%|9         | 389/4096 [42:39<6:10:39,  6.00s/it]
loss: 25.1583 ||:  10%|9         | 391/4096 [42:51<6:07:01,  5.94s/it]
loss: 25.0422 ||:  10%|9         | 393/4096 [43:01<5:56:41,  5.78s/it]
loss: 24.9257 ||:  10%|9         | 395/4096 [43:14<6:04:34,  5.91s/it]
loss: 24.8071 ||:  10%|9         | 397/4096 [43:27<6:20:22,  6.17s/it]
loss: 24.6861 ||:  10%|9         | 399/4096 [43:39<6:10:33,  6.01s/it]
loss: 24.5747 ||:  10%|9         | 401/4096 [43:54<6:36:09,  6.43s/it]
loss: 24.4605 ||:  10%|9         | 403/4096 [44:04<6:17:00,  6.13s/it]
loss: 24.3513 ||:  10%|9         | 405/4096 [44:15<6:04:20,  5.92s/it]
loss: 24.2367 ||:  10%|9         | 407/4096 [44:28<6:14:00,  6.08s/it]
loss: 24.1275 ||:  10%|9         | 409/4096 [44:39<6:04:55,  5.94s/it]
loss: 24.0180 ||:  10%|#         | 411/4096 [44:50<5:57:07,  5.81s/it]
loss: 23.9036 ||:  10%|#         | 413/4096 [45:04<6:14:03,  6.09s/it]
loss: 23.7971 ||:  10%|#         | 415/4096 [45:17<6:22:47,  6.24s/it]
loss: 23.6923 ||:  10%|#         | 417/4096 [45:30<6:25:05,  6.28s/it]
loss: 23.5381 ||:  10%|#         | 420/4096 [45:45<6:00:15,  5.88s/it]
loss: 23.3766 ||:  10%|#         | 423/4096 [46:06<6:21:35,  6.23s/it]
loss: 23.2712 ||:  10%|#         | 425/4096 [46:20<6:33:55,  6.44s/it]
loss: 23.1660 ||:  10%|#         | 427/4096 [46:33<6:34:18,  6.45s/it]
loss: 23.0681 ||:  10%|#         | 429/4096 [46:45<6:29:33,  6.37s/it]
loss: 22.9730 ||:  11%|#         | 431/4096 [46:56<6:11:46,  6.09s/it]
loss: 22.8780 ||:  11%|#         | 433/4096 [47:10<6:28:34,  6.36s/it]
loss: 22.7784 ||:  11%|#         | 435/4096 [47:22<6:22:02,  6.26s/it]
loss: 22.6845 ||:  11%|#         | 437/4096 [47:33<6:06:24,  6.01s/it]
loss: 22.5908 ||:  11%|#         | 439/4096 [47:45<6:10:28,  6.08s/it]
loss: 22.4494 ||:  11%|#         | 442/4096 [48:00<5:48:34,  5.72s/it]
loss: 22.3084 ||:  11%|#         | 445/4096 [48:18<5:51:01,  5.77s/it]
loss: 22.2136 ||:  11%|#         | 447/4096 [48:28<5:40:45,  5.60s/it]
loss: 22.0701 ||:  11%|#         | 450/4096 [48:43<5:31:12,  5.45s/it]
loss: 21.9800 ||:  11%|#1        | 452/4096 [48:54<5:30:32,  5.44s/it]
loss: 21.8864 ||:  11%|#1        | 454/4096 [49:08<5:54:20,  5.84s/it]
loss: 21.7979 ||:  11%|#1        | 456/4096 [49:18<5:45:57,  5.70s/it]
loss: 21.7118 ||:  11%|#1        | 458/4096 [49:31<5:53:27,  5.83s/it]
loss: 21.6220 ||:  11%|#1        | 460/4096 [49:43<6:02:38,  5.98s/it]
loss: 21.5292 ||:  11%|#1        | 462/4096 [49:53<5:45:36,  5.71s/it]
loss: 21.4402 ||:  11%|#1        | 464/4096 [50:04<5:36:51,  5.56s/it]
loss: 21.3127 ||:  11%|#1        | 467/4096 [50:18<5:19:14,  5.28s/it]
loss: 21.1898 ||:  11%|#1        | 470/4096 [50:36<5:36:32,  5.57s/it]
loss: 21.1093 ||:  12%|#1        | 472/4096 [50:50<5:56:30,  5.90s/it]
loss: 21.0264 ||:  12%|#1        | 474/4096 [51:01<5:53:07,  5.85s/it]
loss: 20.9457 ||:  12%|#1        | 476/4096 [51:13<5:53:39,  5.86s/it]
loss: 20.8662 ||:  12%|#1        | 478/4096 [51:25<5:51:13,  5.82s/it]
loss: 20.7463 ||:  12%|#1        | 481/4096 [51:38<5:27:58,  5.44s/it]
loss: 20.6266 ||:  12%|#1        | 484/4096 [51:57<5:39:38,  5.64s/it]
loss: 20.5417 ||:  12%|#1        | 486/4096 [52:08<5:43:34,  5.71s/it]
loss: 20.4679 ||:  12%|#1        | 488/4096 [52:18<5:31:00,  5.50s/it]
loss: 20.3917 ||:  12%|#1        | 490/4096 [52:30<5:36:15,  5.59s/it]
loss: 20.3137 ||:  12%|#2        | 492/4096 [52:42<5:40:57,  5.68s/it]
loss: 20.2031 ||:  12%|#2        | 495/4096 [52:52<4:59:42,  4.99s/it]
loss: 20.0543 ||:  12%|#2        | 499/4096 [53:05<4:27:09,  4.46s/it]
loss: 19.9089 ||:  12%|#2        | 503/4096 [53:28<4:49:45,  4.84s/it]
loss: 19.8357 ||:  12%|#2        | 505/4096 [53:40<5:13:02,  5.23s/it]
loss: 19.7583 ||:  12%|#2        | 507/4096 [53:50<5:12:42,  5.23s/it]
loss: 19.6871 ||:  12%|#2        | 509/4096 [54:01<5:14:31,  5.26s/it]
loss: 19.6144 ||:  12%|#2        | 511/4096 [54:12<5:17:36,  5.32s/it]
loss: 19.5096 ||:  13%|#2        | 514/4096 [54:25<4:59:57,  5.02s/it]
loss: 19.4041 ||:  13%|#2        | 517/4096 [54:40<5:00:46,  5.04s/it]
loss: 19.3322 ||:  13%|#2        | 519/4096 [54:51<5:11:23,  5.22s/it]
loss: 19.2635 ||:  13%|#2        | 521/4096 [55:02<5:16:24,  5.31s/it]
loss: 19.1661 ||:  13%|#2        | 524/4096 [55:19<5:17:43,  5.34s/it]
loss: 19.0685 ||:  13%|#2        | 527/4096 [55:35<5:19:19,  5.37s/it]
loss: 19.0030 ||:  13%|#2        | 529/4096 [55:47<5:28:51,  5.53s/it]
loss: 18.9409 ||:  13%|#2        | 531/4096 [55:58<5:27:45,  5.52s/it]
loss: 18.8795 ||:  13%|#3        | 533/4096 [56:09<5:25:46,  5.49s/it]
loss: 18.7783 ||:  13%|#3        | 536/4096 [56:22<5:07:26,  5.18s/it]
loss: 18.6825 ||:  13%|#3        | 539/4096 [56:37<5:05:52,  5.16s/it]
loss: 18.6196 ||:  13%|#3        | 541/4096 [56:49<5:19:39,  5.39s/it]
loss: 18.5548 ||:  13%|#3        | 543/4096 [57:01<5:25:45,  5.50s/it]
loss: 18.4912 ||:  13%|#3        | 545/4096 [57:11<5:22:00,  5.44s/it]
loss: 18.4297 ||:  13%|#3        | 547/4096 [57:23<5:25:43,  5.51s/it]
loss: 18.3718 ||:  13%|#3        | 549/4096 [58:48<16:21:08, 16.60s/it]
loss: 18.3070 ||:  13%|#3        | 551/4096 [58:59<13:03:31, 13.26s/it]
loss: 18.2154 ||:  14%|#3        | 554/4096 [59:13<10:36:05, 10.77s/it]
loss: 18.1260 ||:  14%|#3        | 557/4096 [59:27<8:45:07,  8.90s/it] 
loss: 18.0342 ||:  14%|#3        | 560/4096 [59:42<7:37:25,  7.76s/it]
loss: 17.9748 ||:  14%|#3        | 562/4096 [59:53<6:55:40,  7.06s/it]
loss: 17.9118 ||:  14%|#3        | 564/4096 [1:00:03<6:21:19,  6.48s/it]
loss: 17.8546 ||:  14%|#3        | 566/4096 [1:00:16<6:13:40,  6.35s/it]
loss: 17.7681 ||:  14%|#3        | 569/4096 [1:00:30<5:44:34,  5.86s/it]
loss: 17.6881 ||:  14%|#3        | 572/4096 [1:00:44<5:27:29,  5.58s/it]
loss: 17.6022 ||:  14%|#4        | 575/4096 [1:00:57<5:04:13,  5.18s/it]
loss: 17.5179 ||:  14%|#4        | 578/4096 [1:01:12<4:58:39,  5.09s/it]
loss: 17.4354 ||:  14%|#4        | 581/4096 [1:01:33<5:29:49,  5.63s/it]
loss: 17.3813 ||:  14%|#4        | 583/4096 [1:01:44<5:29:39,  5.63s/it]
loss: 17.3289 ||:  14%|#4        | 585/4096 [1:01:54<5:20:56,  5.48s/it]
loss: 17.2756 ||:  14%|#4        | 587/4096 [1:02:06<5:25:49,  5.57s/it]
loss: 17.2206 ||:  14%|#4        | 589/4096 [1:02:16<5:17:45,  5.44s/it]
loss: 17.1669 ||:  14%|#4        | 591/4096 [1:02:27<5:22:04,  5.51s/it]
loss: 17.1148 ||:  14%|#4        | 593/4096 [1:02:40<5:35:54,  5.75s/it]
loss: 17.0612 ||:  15%|#4        | 595/4096 [1:02:52<5:39:59,  5.83s/it]
loss: 16.9784 ||:  15%|#4        | 598/4096 [1:03:07<5:25:35,  5.58s/it]
loss: 16.9289 ||:  15%|#4        | 600/4096 [1:03:21<5:48:48,  5.99s/it]
loss: 16.8497 ||:  15%|#4        | 603/4096 [1:03:35<5:27:23,  5.62s/it]
loss: 16.7803 ||:  15%|#4        | 606/4096 [1:03:50<5:17:13,  5.45s/it]
loss: 16.7312 ||:  15%|#4        | 608/4096 [1:04:01<5:15:14,  5.42s/it]
loss: 16.6810 ||:  15%|#4        | 610/4096 [1:04:12<5:15:11,  5.43s/it]
loss: 16.6307 ||:  15%|#4        | 612/4096 [1:04:23<5:18:57,  5.49s/it]
loss: 16.5839 ||:  15%|#4        | 614/4096 [1:04:35<5:28:47,  5.67s/it]
loss: 16.5107 ||:  15%|#5        | 617/4096 [1:04:51<5:17:56,  5.48s/it]
loss: 16.4616 ||:  15%|#5        | 619/4096 [1:05:01<5:14:48,  5.43s/it]
loss: 16.4132 ||:  15%|#5        | 621/4096 [1:05:12<5:13:26,  5.41s/it]
loss: 16.3404 ||:  15%|#5        | 624/4096 [1:05:27<5:06:14,  5.29s/it]
loss: 16.2955 ||:  15%|#5        | 626/4096 [1:05:39<5:20:04,  5.53s/it]
loss: 16.2484 ||:  15%|#5        | 628/4096 [1:05:49<5:11:54,  5.40s/it]
loss: 16.2028 ||:  15%|#5        | 630/4096 [1:06:00<5:08:02,  5.33s/it]
loss: 16.1567 ||:  15%|#5        | 632/4096 [1:06:10<5:08:02,  5.34s/it]
loss: 16.1111 ||:  15%|#5        | 634/4096 [1:06:22<5:17:55,  5.51s/it]
loss: 16.0424 ||:  16%|#5        | 637/4096 [1:06:38<5:14:03,  5.45s/it]
loss: 16.0000 ||:  16%|#5        | 639/4096 [1:06:48<5:08:26,  5.35s/it]
loss: 15.9345 ||:  16%|#5        | 642/4096 [1:07:02<4:54:52,  5.12s/it]
loss: 15.8648 ||:  16%|#5        | 645/4096 [1:07:21<5:16:32,  5.50s/it]
loss: 15.8188 ||:  16%|#5        | 647/4096 [1:07:32<5:17:07,  5.52s/it]
loss: 15.7774 ||:  16%|#5        | 649/4096 [1:07:43<5:11:05,  5.41s/it]
loss: 15.7345 ||:  16%|#5        | 651/4096 [1:07:54<5:18:44,  5.55s/it]
loss: 15.6926 ||:  16%|#5        | 653/4096 [1:08:06<5:19:51,  5.57s/it]
loss: 15.6482 ||:  16%|#5        | 655/4096 [1:08:16<5:15:10,  5.50s/it]
loss: 15.6025 ||:  16%|#6        | 657/4096 [1:08:27<5:11:17,  5.43s/it]
loss: 15.5612 ||:  16%|#6        | 659/4096 [1:08:38<5:16:39,  5.53s/it]
loss: 15.5145 ||:  16%|#6        | 661/4096 [1:08:50<5:19:46,  5.59s/it]
loss: 15.4749 ||:  16%|#6        | 663/4096 [1:09:00<5:12:07,  5.46s/it]
loss: 15.4371 ||:  16%|#6        | 665/4096 [1:09:12<5:21:37,  5.62s/it]
loss: 15.3719 ||:  16%|#6        | 668/4096 [1:09:26<5:05:16,  5.34s/it]
loss: 15.3119 ||:  16%|#6        | 671/4096 [1:09:42<5:04:43,  5.34s/it]
loss: 15.2539 ||:  16%|#6        | 674/4096 [1:09:57<4:58:35,  5.24s/it]
loss: 15.1959 ||:  17%|#6        | 677/4096 [1:10:13<4:59:56,  5.26s/it]
loss: 15.1595 ||:  17%|#6        | 679/4096 [1:10:24<4:58:05,  5.23s/it]
loss: 15.1194 ||:  17%|#6        | 681/4096 [1:10:35<5:07:42,  5.41s/it]
loss: 15.0605 ||:  17%|#6        | 684/4096 [1:10:51<5:02:47,  5.32s/it]
loss: 15.0234 ||:  17%|#6        | 686/4096 [1:11:01<4:58:28,  5.25s/it]
loss: 14.9864 ||:  17%|#6        | 688/4096 [1:11:11<5:00:06,  5.28s/it]
loss: 14.9474 ||:  17%|#6        | 690/4096 [1:11:23<5:11:03,  5.48s/it]
loss: 14.9109 ||:  17%|#6        | 692/4096 [1:11:34<5:07:04,  5.41s/it]
loss: 14.8724 ||:  17%|#6        | 694/4096 [1:11:44<5:04:15,  5.37s/it]
loss: 14.8179 ||:  17%|#7        | 697/4096 [1:11:58<4:49:21,  5.11s/it]
loss: 14.7631 ||:  17%|#7        | 700/4096 [1:12:17<5:09:34,  5.47s/it]
loss: 14.7245 ||:  17%|#7        | 702/4096 [1:12:28<5:09:54,  5.48s/it]
loss: 14.6692 ||:  17%|#7        | 705/4096 [1:12:44<5:07:20,  5.44s/it]
loss: 14.6322 ||:  17%|#7        | 707/4096 [1:12:57<5:28:59,  5.82s/it]
loss: 14.5932 ||:  17%|#7        | 709/4096 [1:13:07<5:16:23,  5.60s/it]
loss: 14.5565 ||:  17%|#7        | 711/4096 [1:13:18<5:14:52,  5.58s/it]
loss: 14.5003 ||:  17%|#7        | 714/4096 [1:13:32<4:54:36,  5.23s/it]
loss: 14.4480 ||:  18%|#7        | 717/4096 [1:13:48<4:55:26,  5.25s/it]
loss: 14.3948 ||:  18%|#7        | 720/4096 [1:14:03<4:54:17,  5.23s/it]
loss: 14.3594 ||:  18%|#7        | 722/4096 [1:14:14<4:58:44,  5.31s/it]
loss: 14.3035 ||:  18%|#7        | 725/4096 [1:14:28<4:45:56,  5.09s/it]
loss: 14.2500 ||:  18%|#7        | 728/4096 [1:14:42<4:40:18,  4.99s/it]
loss: 14.1963 ||:  18%|#7        | 731/4096 [1:14:57<4:37:02,  4.94s/it]
loss: 14.1411 ||:  18%|#7        | 734/4096 [1:15:13<4:46:41,  5.12s/it]
loss: 14.1063 ||:  18%|#7        | 736/4096 [1:15:24<4:55:00,  5.27s/it]
loss: 14.0715 ||:  18%|#8        | 738/4096 [1:15:36<4:59:43,  5.36s/it]
loss: 14.0413 ||:  18%|#8        | 740/4096 [1:15:46<4:57:00,  5.31s/it]
loss: 14.0083 ||:  18%|#8        | 742/4096 [1:15:57<4:59:43,  5.36s/it]
loss: 13.9604 ||:  18%|#8        | 745/4096 [1:16:11<4:46:02,  5.12s/it]
loss: 13.9074 ||:  18%|#8        | 748/4096 [1:16:25<4:40:59,  5.04s/it]
loss: 13.8608 ||:  18%|#8        | 751/4096 [1:16:42<4:49:37,  5.20s/it]
loss: 13.8287 ||:  18%|#8        | 753/4096 [1:16:52<4:48:47,  5.18s/it]
loss: 13.7834 ||:  18%|#8        | 756/4096 [1:17:06<4:41:56,  5.06s/it]
loss: 13.7355 ||:  19%|#8        | 759/4096 [1:17:21<4:38:54,  5.01s/it]
loss: 13.6840 ||:  19%|#8        | 762/4096 [1:17:36<4:39:35,  5.03s/it]
loss: 13.6541 ||:  19%|#8        | 764/4096 [1:17:47<4:44:24,  5.12s/it]
loss: 13.6225 ||:  19%|#8        | 766/4096 [1:17:57<4:45:41,  5.15s/it]
loss: 13.5900 ||:  19%|#8        | 768/4096 [1:18:08<4:48:49,  5.21s/it]
loss: 13.5577 ||:  19%|#8        | 770/4096 [1:18:19<4:54:51,  5.32s/it]
loss: 13.5247 ||:  19%|#8        | 772/4096 [1:18:31<5:04:07,  5.49s/it]
loss: 13.4946 ||:  19%|#8        | 774/4096 [1:18:42<5:01:57,  5.45s/it]
loss: 13.4470 ||:  19%|#8        | 777/4096 [1:18:56<4:48:09,  5.21s/it]
loss: 13.4039 ||:  19%|#9        | 780/4096 [1:19:15<5:07:16,  5.56s/it]
loss: 13.3735 ||:  19%|#9        | 782/4096 [1:19:26<5:03:25,  5.49s/it]
loss: 13.3439 ||:  19%|#9        | 784/4096 [1:19:37<5:06:26,  5.55s/it]
loss: 13.3147 ||:  19%|#9        | 786/4096 [1:19:47<4:59:45,  5.43s/it]
loss: 13.2855 ||:  19%|#9        | 788/4096 [1:19:58<4:56:11,  5.37s/it]
loss: 13.2423 ||:  19%|#9        | 791/4096 [1:20:09<4:31:29,  4.93s/it]
loss: 13.2022 ||:  19%|#9        | 794/4096 [1:20:23<4:27:02,  4.85s/it]
loss: 13.1566 ||:  19%|#9        | 797/4096 [1:20:37<4:18:55,  4.71s/it]
loss: 13.1134 ||:  20%|#9        | 800/4096 [1:20:54<4:38:32,  5.07s/it]
loss: 13.0724 ||:  20%|#9        | 803/4096 [1:21:08<4:32:09,  4.96s/it]
loss: 13.0302 ||:  20%|#9        | 806/4096 [1:21:23<4:31:06,  4.94s/it]
loss: 12.9849 ||:  20%|#9        | 809/4096 [1:21:40<4:41:50,  5.14s/it]
loss: 12.9575 ||:  20%|#9        | 811/4096 [1:21:52<4:55:16,  5.39s/it]
loss: 12.9309 ||:  20%|#9        | 813/4096 [1:22:03<4:53:48,  5.37s/it]
loss: 12.9033 ||:  20%|#9        | 815/4096 [1:22:14<4:56:13,  5.42s/it]
loss: 12.8775 ||:  20%|#9        | 817/4096 [1:22:24<4:51:53,  5.34s/it]
loss: 12.8510 ||:  20%|#9        | 819/4096 [1:22:35<4:51:23,  5.34s/it]
loss: 12.8104 ||:  20%|##        | 822/4096 [1:22:50<4:47:44,  5.27s/it]
loss: 12.7810 ||:  20%|##        | 824/4096 [1:23:01<4:53:08,  5.38s/it]
loss: 12.7555 ||:  20%|##        | 826/4096 [1:23:11<4:48:41,  5.30s/it]
loss: 12.7286 ||:  20%|##        | 828/4096 [1:23:24<5:02:37,  5.56s/it]
loss: 12.7021 ||:  20%|##        | 830/4096 [1:23:36<5:13:42,  5.76s/it]
loss: 12.6612 ||:  20%|##        | 833/4096 [1:23:52<5:04:57,  5.61s/it]
loss: 12.6234 ||:  20%|##        | 836/4096 [1:24:07<4:53:17,  5.40s/it]
loss: 12.5850 ||:  20%|##        | 839/4096 [1:24:22<4:47:21,  5.29s/it]
loss: 12.5607 ||:  21%|##        | 841/4096 [1:24:32<4:47:37,  5.30s/it]
loss: 12.5345 ||:  21%|##        | 843/4096 [1:24:43<4:49:26,  5.34s/it]
loss: 12.5098 ||:  21%|##        | 845/4096 [1:24:54<4:49:18,  5.34s/it]
loss: 12.4862 ||:  21%|##        | 847/4096 [1:25:05<4:49:02,  5.34s/it]
loss: 12.4597 ||:  21%|##        | 849/4096 [1:25:15<4:49:20,  5.35s/it]
loss: 12.4336 ||:  21%|##        | 851/4096 [1:25:26<4:47:58,  5.32s/it]
loss: 12.4083 ||:  21%|##        | 853/4096 [1:25:36<4:43:18,  5.24s/it]
loss: 12.3829 ||:  21%|##        | 855/4096 [1:25:47<4:47:55,  5.33s/it]
loss: 12.3449 ||:  21%|##        | 858/4096 [1:26:03<4:46:43,  5.31s/it]
loss: 12.3186 ||:  21%|##        | 860/4096 [1:26:14<4:47:58,  5.34s/it]
loss: 12.2930 ||:  21%|##1       | 862/4096 [1:26:24<4:46:32,  5.32s/it]
loss: 12.2664 ||:  21%|##1       | 864/4096 [1:26:36<4:57:21,  5.52s/it]
loss: 12.2416 ||:  21%|##1       | 866/4096 [1:26:47<4:56:45,  5.51s/it]
loss: 12.2179 ||:  21%|##1       | 868/4096 [1:26:59<5:01:59,  5.61s/it]
loss: 12.1943 ||:  21%|##1       | 870/4096 [1:27:11<5:11:09,  5.79s/it]
loss: 12.1684 ||:  21%|##1       | 872/4096 [1:27:24<5:18:18,  5.92s/it]
loss: 12.1312 ||:  21%|##1       | 875/4096 [1:27:39<5:06:05,  5.70s/it]
loss: 12.1081 ||:  21%|##1       | 877/4096 [1:27:51<5:09:01,  5.76s/it]
loss: 12.0698 ||:  21%|##1       | 880/4096 [1:28:06<4:54:20,  5.49s/it]
loss: 12.0321 ||:  22%|##1       | 883/4096 [1:28:23<5:00:32,  5.61s/it]
loss: 11.9939 ||:  22%|##1       | 886/4096 [1:28:37<4:41:46,  5.27s/it]
loss: 11.9566 ||:  22%|##1       | 889/4096 [1:28:53<4:41:08,  5.26s/it]
loss: 11.9313 ||:  22%|##1       | 891/4096 [1:29:03<4:39:10,  5.23s/it]
loss: 11.8961 ||:  22%|##1       | 894/4096 [1:29:18<4:35:47,  5.17s/it]
loss: 11.8588 ||:  22%|##1       | 897/4096 [1:29:33<4:31:06,  5.08s/it]
loss: 11.8226 ||:  22%|##1       | 900/4096 [1:29:54<5:03:32,  5.70s/it]
loss: 11.8007 ||:  22%|##2       | 902/4096 [1:30:09<5:30:17,  6.20s/it]
loss: 11.7650 ||:  22%|##2       | 905/4096 [1:30:24<5:10:42,  5.84s/it]
loss: 11.7311 ||:  22%|##2       | 908/4096 [1:30:41<5:09:26,  5.82s/it]
loss: 11.7062 ||:  22%|##2       | 910/4096 [1:30:53<5:09:31,  5.83s/it]
loss: 11.6825 ||:  22%|##2       | 912/4096 [1:31:05<5:09:50,  5.84s/it]
loss: 11.6617 ||:  22%|##2       | 914/4096 [1:31:16<5:09:59,  5.85s/it]
loss: 11.6397 ||:  22%|##2       | 916/4096 [1:31:28<5:06:55,  5.79s/it]
loss: 11.6170 ||:  22%|##2       | 918/4096 [1:31:39<5:08:34,  5.83s/it]
loss: 11.5853 ||:  22%|##2       | 921/4096 [1:31:54<4:53:46,  5.55s/it]
loss: 11.5542 ||:  23%|##2       | 924/4096 [1:32:11<4:52:09,  5.53s/it]
loss: 11.5342 ||:  23%|##2       | 926/4096 [1:32:22<4:56:05,  5.60s/it]
loss: 11.5109 ||:  23%|##2       | 928/4096 [1:32:33<4:50:09,  5.50s/it]
loss: 11.4808 ||:  23%|##2       | 931/4096 [1:32:48<4:43:35,  5.38s/it]
loss: 11.4511 ||:  23%|##2       | 934/4096 [1:33:02<4:34:00,  5.20s/it]
loss: 11.4203 ||:  23%|##2       | 937/4096 [1:33:17<4:30:26,  5.14s/it]
loss: 11.3889 ||:  23%|##2       | 940/4096 [1:33:36<4:49:25,  5.50s/it]
loss: 11.3663 ||:  23%|##2       | 942/4096 [1:33:47<4:47:57,  5.48s/it]
loss: 11.3442 ||:  23%|##3       | 944/4096 [1:33:57<4:40:35,  5.34s/it]
loss: 11.3256 ||:  23%|##3       | 946/4096 [1:34:07<4:36:09,  5.26s/it]
loss: 11.2940 ||:  23%|##3       | 949/4096 [1:34:21<4:26:15,  5.08s/it]
loss: 11.2602 ||:  23%|##3       | 952/4096 [1:34:37<4:29:46,  5.15s/it]
loss: 11.2375 ||:  23%|##3       | 954/4096 [1:34:49<4:38:05,  5.31s/it]
loss: 11.2196 ||:  23%|##3       | 956/4096 [1:34:59<4:37:57,  5.31s/it]
loss: 11.2005 ||:  23%|##3       | 958/4096 [1:35:09<4:35:00,  5.26s/it]
loss: 11.1806 ||:  23%|##3       | 960/4096 [1:35:22<4:48:13,  5.51s/it]
loss: 11.1624 ||:  23%|##3       | 962/4096 [1:35:32<4:41:26,  5.39s/it]
loss: 11.1332 ||:  24%|##3       | 965/4096 [1:35:46<4:32:02,  5.21s/it]
loss: 11.1049 ||:  24%|##3       | 968/4096 [1:36:03<4:35:14,  5.28s/it]
loss: 11.0865 ||:  24%|##3       | 970/4096 [1:36:13<4:35:56,  5.30s/it]
loss: 11.0663 ||:  24%|##3       | 972/4096 [1:36:24<4:38:30,  5.35s/it]
loss: 11.0470 ||:  24%|##3       | 974/4096 [1:36:35<4:42:00,  5.42s/it]
loss: 11.0189 ||:  24%|##3       | 977/4096 [1:36:51<4:39:05,  5.37s/it]
loss: 10.9975 ||:  24%|##3       | 979/4096 [1:37:03<4:51:16,  5.61s/it]
loss: 10.9681 ||:  24%|##3       | 982/4096 [1:37:18<4:40:37,  5.41s/it]
loss: 10.9406 ||:  24%|##4       | 985/4096 [1:37:33<4:33:43,  5.28s/it]
loss: 10.9127 ||:  24%|##4       | 988/4096 [1:37:52<4:48:00,  5.56s/it]
loss: 10.8949 ||:  24%|##4       | 990/4096 [1:38:02<4:42:10,  5.45s/it]
loss: 10.8765 ||:  24%|##4       | 992/4096 [1:38:13<4:37:48,  5.37s/it]
loss: 10.8554 ||:  24%|##4       | 994/4096 [1:38:23<4:37:29,  5.37s/it]
loss: 10.8274 ||:  24%|##4       | 997/4096 [1:38:38<4:29:51,  5.22s/it]
loss: 10.8004 ||:  24%|##4       | 1000/4096 [1:38:58<4:52:08,  5.66s/it]
loss: 10.7821 ||:  24%|##4       | 1002/4096 [1:39:09<4:47:43,  5.58s/it]
loss: 10.7646 ||:  25%|##4       | 1004/4096 [1:39:20<4:44:33,  5.52s/it]
loss: 10.7459 ||:  25%|##4       | 1006/4096 [1:39:30<4:37:06,  5.38s/it]
loss: 10.7182 ||:  25%|##4       | 1009/4096 [1:39:44<4:25:52,  5.17s/it]
loss: 10.6898 ||:  25%|##4       | 1012/4096 [1:39:57<4:16:11,  4.98s/it]
loss: 10.6629 ||:  25%|##4       | 1015/4096 [1:40:14<4:24:24,  5.15s/it]
loss: 10.6368 ||:  25%|##4       | 1018/4096 [1:40:32<4:34:59,  5.36s/it]
loss: 10.6199 ||:  25%|##4       | 1020/4096 [1:40:44<4:48:20,  5.62s/it]
loss: 10.6027 ||:  25%|##4       | 1022/4096 [1:40:56<4:54:26,  5.75s/it]
loss: 10.5846 ||:  25%|##5       | 1024/4096 [1:41:09<5:04:29,  5.95s/it]
loss: 10.5687 ||:  25%|##5       | 1026/4096 [1:41:24<5:27:55,  6.41s/it]
loss: 10.5513 ||:  25%|##5       | 1028/4096 [1:41:35<5:12:27,  6.11s/it]
loss: 10.5348 ||:  25%|##5       | 1030/4096 [1:41:46<5:02:39,  5.92s/it]
loss: 10.5176 ||:  25%|##5       | 1032/4096 [1:41:56<4:49:48,  5.68s/it]
loss: 10.5011 ||:  25%|##5       | 1034/4096 [1:42:07<4:50:21,  5.69s/it]
loss: 10.4843 ||:  25%|##5       | 1036/4096 [1:42:18<4:48:07,  5.65s/it]
loss: 10.4677 ||:  25%|##5       | 1038/4096 [1:42:30<4:48:21,  5.66s/it]
loss: 10.4410 ||:  25%|##5       | 1041/4096 [1:42:44<4:33:40,  5.37s/it]
loss: 10.4147 ||:  25%|##5       | 1044/4096 [1:43:00<4:35:27,  5.42s/it]
loss: 10.3967 ||:  26%|##5       | 1046/4096 [1:43:13<4:47:23,  5.65s/it]
loss: 10.3780 ||:  26%|##5       | 1048/4096 [1:43:23<4:39:37,  5.50s/it]
loss: 10.3617 ||:  26%|##5       | 1050/4096 [1:43:36<4:53:49,  5.79s/it]
loss: 10.3465 ||:  26%|##5       | 1052/4096 [1:43:47<4:46:03,  5.64s/it]
loss: 10.3298 ||:  26%|##5       | 1054/4096 [1:43:59<4:54:24,  5.81s/it]
loss: 10.3135 ||:  26%|##5       | 1056/4096 [1:44:10<4:50:03,  5.72s/it]
loss: 10.2971 ||:  26%|##5       | 1058/4096 [1:44:22<4:53:08,  5.79s/it]
loss: 10.2794 ||:  26%|##5       | 1060/4096 [1:44:33<4:45:01,  5.63s/it]
loss: 10.2626 ||:  26%|##5       | 1062/4096 [1:44:43<4:38:46,  5.51s/it]
loss: 10.2483 ||:  26%|##5       | 1064/4096 [1:44:54<4:37:16,  5.49s/it]
loss: 10.2335 ||:  26%|##6       | 1066/4096 [1:45:09<5:06:04,  6.06s/it]
loss: 10.2180 ||:  26%|##6       | 1068/4096 [1:45:23<5:22:54,  6.40s/it]
loss: 10.2018 ||:  26%|##6       | 1070/4096 [1:45:36<5:25:49,  6.46s/it]
loss: 10.1840 ||:  26%|##6       | 1072/4096 [1:45:47<5:06:43,  6.09s/it]
loss: 10.1602 ||:  26%|##6       | 1075/4096 [1:46:01<4:48:40,  5.73s/it]
loss: 10.1392 ||:  26%|##6       | 1078/4096 [1:46:18<4:45:49,  5.68s/it]
loss: 10.1233 ||:  26%|##6       | 1080/4096 [1:46:29<4:42:44,  5.62s/it]
loss: 10.0987 ||:  26%|##6       | 1083/4096 [1:46:43<4:25:38,  5.29s/it]
loss: 10.0759 ||:  27%|##6       | 1086/4096 [1:46:59<4:27:22,  5.33s/it]
