2021-03-17 17:41:16,781 - WARNING - allennlp.training.trainer - You provided a validation dataset but patience was set to None, meaning that early stopping is disabled
articles num: 5
articles num: 5
articles num: 5
articles num: 5
context:  {'roberta': tensor([[    0, 15622,  6828,     7,  3075,   152,  2852,     2,     1,     1,
             1,     1,     1,     1,     1],
        [    0, 15622,  6828,     7,  3075,   152,  2852,     2,     1,     1,
             1,     1,     1,     1,     1],
        [    0, 39130, 24250,  1534,  1491,  9088,     4,    85,  6871,  2044,
           599,  5082,  3631,     4,     2],
        [    0, 39130, 24250,  1534,  1491,  9088,     4,    85,  6871,  2044,
           599,  5082,  3631,     4,     2],
        [    0, 39130, 24250,  1534,  1491,  9088,     4,    85,  6871,  2044,
           599,  5082,  3631,     4,     2]]), 'roberta_copy_masks': tensor([[ 0,  0,  0,  0,  0,  0,  0,  0, -1, -1, -1, -1, -1, -1, -1],
        [ 0,  0,  0,  0,  0,  0,  0,  0, -1, -1, -1, -1, -1, -1, -1],
        [ 0,  0,  0,  0,  0,  0,  0,  0,  0,  0,  0,  0,  0,  0,  0],
        [ 0,  0,  0,  0,  0,  0,  0,  0,  0,  0,  0,  0,  0,  0,  0],
        [ 0,  0,  0,  0,  0,  0,  0,  0,  0,  0,  0,  0,  0,  0,  0]])}
image:  tensor([[[[-1.2445, -1.2445, -1.2445,  ..., -1.5014, -1.5014, -1.5014],
          [-1.2103, -1.2103, -1.2103,  ..., -1.5014, -1.5014, -1.5014],
          [-1.1589, -1.1589, -1.1589,  ..., -1.4843, -1.4843, -1.4843],
          ...,
          [-1.4672, -1.4672, -1.4843,  ..., -1.9467, -2.0152, -2.0837],
          [-1.4500, -1.4500, -1.4672,  ..., -1.9295, -1.9809, -2.0837],
          [-1.4329, -1.4500, -1.4672,  ..., -1.9124, -1.9809, -2.1008]],

         [[-1.3354, -1.3354, -1.3354,  ..., -1.4755, -1.4755, -1.4755],
          [-1.3004, -1.3004, -1.3004,  ..., -1.4755, -1.4755, -1.4755],
          [-1.2479, -1.2479, -1.2479,  ..., -1.4580, -1.4580, -1.4580],
          ...,
          [-1.5105, -1.5105, -1.5280,  ..., -1.8782, -1.8957, -1.9657],
          [-1.4930, -1.4930, -1.5105,  ..., -1.8606, -1.8782, -1.9832],
          [-1.4755, -1.4930, -1.5105,  ..., -1.8431, -1.8782, -2.0007]],

         [[-1.1770, -1.1770, -1.1770,  ..., -1.2641, -1.2641, -1.2641],
          [-1.1421, -1.1421, -1.1421,  ..., -1.2641, -1.2641, -1.2641],
          [-1.0898, -1.0898, -1.0898,  ..., -1.2467, -1.2467, -1.2467],
          ...,
          [-1.3164, -1.3164, -1.3339,  ..., -1.3687, -1.4036, -1.4733],
          [-1.2990, -1.2990, -1.3164,  ..., -1.3513, -1.3339, -1.4384],
          [-1.2816, -1.2990, -1.3164,  ..., -1.2990, -1.3339, -1.4559]]],


        [[[ 2.0434,  2.0434,  1.7694,  ..., -1.0048, -0.7479, -0.6965],
          [ 2.1633,  1.9578,  1.6153,  ..., -1.0562, -0.9363, -0.9363],
          [ 2.1804,  1.8722,  1.4954,  ..., -1.1589, -1.1760, -1.1932],
          ...,
          [-0.3369, -0.3369, -0.3369,  ...,  0.4679,  1.2728,  1.9235],
          [-0.2856, -0.2856, -0.2856,  ...,  0.4337,  1.0673,  1.5639],
          [-0.3027, -0.3198, -0.3198,  ...,  0.2796,  0.6221,  0.8618]],

         [[ 0.0126,  0.1352, -0.0224,  ..., -1.8957, -1.7031, -1.6506],
          [ 0.0826, -0.0049, -0.1975,  ..., -1.8256, -1.7556, -1.7906],
          [-0.0049, -0.1975, -0.4076,  ..., -1.7206, -1.7731, -1.7906],
          ...,
          [-1.9832, -1.9832, -1.9832,  ..., -1.4580, -0.6001,  0.0651],
          [-2.0007, -2.0007, -2.0007,  ..., -1.4580, -0.7927, -0.2850],
          [-2.0357, -2.0357, -2.0357,  ..., -1.5980, -1.2479, -0.9503]],

         [[ 0.3045,  0.2871, -0.0441,  ..., -1.7870, -1.5604, -1.5081],
          [ 0.3916,  0.1651, -0.2184,  ..., -1.7173, -1.6302, -1.6824],
          [ 0.3219, -0.0267, -0.4275,  ..., -1.6476, -1.6824, -1.7347],
          ...,
          [-1.6476, -1.6476, -1.6476,  ..., -0.9853, -0.1487,  0.5136],
          [-1.6476, -1.6476, -1.6476,  ..., -1.0027, -0.3404,  0.1651],
          [-1.6824, -1.6999, -1.6999,  ..., -1.1421, -0.7936, -0.5147]]],


        [[[ 2.2489,  2.2489,  2.2489,  ...,  2.2489,  2.2489,  2.2489],
          [ 2.2489,  2.2489,  2.2489,  ...,  2.2489,  2.2489,  2.2489],
          [ 2.2489,  2.2489,  2.2489,  ...,  2.2489,  2.2489,  2.2489],
          ...,
          [ 2.2489,  2.1462,  2.2489,  ...,  2.2489,  2.2489,  2.2489],
          [ 2.1462,  2.2489,  2.2318,  ...,  2.2489,  2.2489,  2.2489],
          [ 2.1462,  2.2318,  2.2318,  ...,  2.2489,  2.2489,  2.2489]],

         [[ 2.4286,  2.4286,  2.4286,  ...,  2.4286,  2.4286,  2.4286],
          [ 2.4286,  2.4286,  2.4286,  ...,  2.4286,  2.4286,  2.4286],
          [ 2.4286,  2.4286,  2.4286,  ...,  2.4286,  2.4286,  2.4286],
          ...,
          [ 2.4286,  2.3235,  2.4286,  ...,  2.4286,  2.4286,  2.4286],
          [ 2.3410,  2.4286,  2.4286,  ...,  2.4286,  2.4286,  2.4286],
          [ 2.3410,  2.4286,  2.4286,  ...,  2.4286,  2.4286,  2.4286]],

         [[ 2.6400,  2.6400,  2.6400,  ...,  2.6400,  2.6400,  2.6400],
          [ 2.6400,  2.6400,  2.6400,  ...,  2.6400,  2.6400,  2.6400],
          [ 2.6400,  2.6400,  2.6400,  ...,  2.6400,  2.6400,  2.6400],
          ...,
          [ 2.6051,  2.5006,  2.6051,  ...,  2.6400,  2.6400,  2.6400],
          [ 2.4657,  2.6051,  2.6051,  ...,  2.6400,  2.6400,  2.6400],
          [ 2.4657,  2.6051,  2.6051,  ...,  2.6400,  2.6400,  2.6400]]],


        [[[-1.3815, -1.3987, -1.4158,  ...,  0.6221,  0.5878,  0.5193],
          [-1.4500, -1.4672, -1.4672,  ...,  0.5536,  0.5878,  0.5878],
          [-1.5014, -1.5014, -1.4843,  ...,  0.6049,  0.6049,  0.6049],
          ...,
          [-0.4739, -0.5082, -0.5596,  ..., -1.5185, -1.6213, -1.6898],
          [-0.5253, -0.5767, -0.6281,  ..., -0.5253, -0.6623, -0.7308],
          [-0.5424, -0.5938, -0.6281,  ...,  0.1254,  0.0912,  0.0741]],

         [[-1.3354, -1.3529, -1.3704,  ..., -0.0399, -0.0749, -0.1099],
          [-1.4055, -1.4230, -1.4055,  ..., -0.1625, -0.1275, -0.1099],
          [-1.4405, -1.4405, -1.4230,  ..., -0.1975, -0.1800, -0.1800],
          ...,
          [-0.3725, -0.4076, -0.4601,  ..., -1.4230, -1.5280, -1.5980],
          [-0.4251, -0.4776, -0.5301,  ..., -0.4076, -0.5476, -0.6176],
          [-0.4426, -0.4951, -0.5301,  ...,  0.2577,  0.2227,  0.2052]],

         [[-0.8110, -0.8284, -0.8458,  ...,  2.6400,  2.6400,  2.6400],
          [-0.8807, -0.8981, -0.9330,  ...,  2.5529,  2.5529,  2.5180],
          [-0.9678, -0.9678, -0.9504,  ...,  2.4308,  2.3786,  2.3437],
          ...,
          [ 0.4439,  0.4091,  0.3568,  ..., -1.0201, -1.1247, -1.1944],
          [ 0.3568,  0.3045,  0.2522,  ...,  0.0256, -0.1138, -0.2184],
          [ 0.3393,  0.2871,  0.2522,  ...,  0.6879,  0.6531,  0.6356]]],


        [[[ 2.2489,  2.2489,  2.2489,  ...,  2.2489,  2.2489,  2.2489],
          [ 2.2489,  2.2489,  2.2489,  ...,  2.2489,  2.2489,  2.2489],
          [ 2.2489,  2.2489,  2.2489,  ...,  2.2489,  2.2489,  2.2489],
          ...,
          [ 2.2489,  2.2489,  2.2489,  ...,  2.2489,  2.2489,  2.2489],
          [ 2.2489,  2.2489,  2.2489,  ...,  2.2489,  2.2489,  2.2489],
          [ 2.2489,  2.2489,  2.2489,  ...,  2.2489,  2.2489,  2.2489]],

         [[ 2.4286,  2.4286,  2.4286,  ...,  2.4286,  2.4286,  2.4286],
          [ 2.4286,  2.4286,  2.4286,  ...,  2.4286,  2.4286,  2.4286],
          [ 2.4286,  2.4286,  2.4286,  ...,  2.4286,  2.4286,  2.4286],
          ...,
          [ 2.4286,  2.4286,  2.4286,  ...,  2.4286,  2.4286,  2.4286],
          [ 2.4286,  2.4286,  2.4286,  ...,  2.4286,  2.4286,  2.4286],
          [ 2.4286,  2.4286,  2.4286,  ...,  2.4286,  2.4286,  2.4286]],

         [[ 2.6400,  2.6400,  2.6400,  ...,  2.6400,  2.6400,  2.6400],
          [ 2.6400,  2.6400,  2.6400,  ...,  2.6400,  2.6400,  2.6400],
          [ 2.6400,  2.6400,  2.6400,  ...,  2.6400,  2.6400,  2.6400],
          ...,
          [ 2.6400,  2.6400,  2.6400,  ...,  2.6400,  2.6400,  2.6400],
          [ 2.6400,  2.6400,  2.6400,  ...,  2.6400,  2.6400,  2.6400],
          [ 2.6400,  2.6400,  2.6400,  ...,  2.6400,  2.6400,  2.6400]]]])
face_embeds:  tensor([[[ 0.0156,  0.0199, -0.0155,  ..., -0.0717, -0.0750,  0.0009],
         [    nan,     nan,     nan,  ...,     nan,     nan,     nan],
         [    nan,     nan,     nan,  ...,     nan,     nan,     nan],
         [    nan,     nan,     nan,  ...,     nan,     nan,     nan]],

        [[-0.0142,  0.0870,  0.1030,  ...,  0.0428, -0.0432, -0.0266],
         [ 0.0131,  0.0124, -0.0066,  ...,  0.0364, -0.0687, -0.0430],
         [ 0.0071,  0.0004, -0.0711,  ...,  0.0341, -0.0723, -0.0829],
         [-0.0006,  0.0052, -0.0202,  ...,  0.0225, -0.0362, -0.0376]],

        [[    nan,     nan,     nan,  ...,     nan,     nan,     nan],
         [    nan,     nan,     nan,  ...,     nan,     nan,     nan],
         [    nan,     nan,     nan,  ...,     nan,     nan,     nan],
         [    nan,     nan,     nan,  ...,     nan,     nan,     nan]],

        [[-0.0561,  0.0585, -0.0705,  ...,  0.0045,  0.0079, -0.0798],
         [    nan,     nan,     nan,  ...,     nan,     nan,     nan],
         [    nan,     nan,     nan,  ...,     nan,     nan,     nan],
         [    nan,     nan,     nan,  ...,     nan,     nan,     nan]],

        [[    nan,     nan,     nan,  ...,     nan,     nan,     nan],
         [    nan,     nan,     nan,  ...,     nan,     nan,     nan],
         [    nan,     nan,     nan,  ...,     nan,     nan,     nan],
         [    nan,     nan,     nan,  ...,     nan,     nan,     nan]]])
obj_embeds:  tensor([[[4.2941e-02, 5.5545e-01, 6.5469e-02,  ..., 2.1008e-01,
          4.2006e-01, 2.9743e-01],
         [6.9274e-02, 1.0273e+00, 5.6986e-02,  ..., 5.9395e-04,
          5.6443e-02, 1.7310e-01],
         [3.7339e-02, 7.2026e-01, 5.0693e-02,  ..., 2.7502e-01,
          8.9534e-02, 1.6627e-01],
         ...,
         [       nan,        nan,        nan,  ...,        nan,
                 nan,        nan],
         [       nan,        nan,        nan,  ...,        nan,
                 nan,        nan],
         [       nan,        nan,        nan,  ...,        nan,
                 nan,        nan]],

        [[5.9772e-01, 5.1977e-01, 1.3743e-02,  ..., 6.8284e-01,
          1.4413e-01, 3.2107e-01],
         [3.6879e-02, 4.1067e-01, 4.8119e-01,  ..., 5.9043e-01,
          6.0013e-01, 1.4815e-01],
         [7.0385e-01, 3.4469e-01, 1.9598e-01,  ..., 1.0299e+00,
          7.0115e-01, 5.5704e-01],
         ...,
         [8.7883e-02, 3.0875e-01, 3.6003e-01,  ..., 3.2828e-01,
          2.6326e-01, 1.6026e-02],
         [6.0937e-01, 2.5778e-01, 2.0365e-01,  ..., 4.4531e-01,
          1.5303e-01, 2.3477e-02],
         [3.4817e-01, 7.3887e-01, 1.0776e-01,  ..., 9.3593e-01,
          9.0384e-01, 9.6268e-01]],

        [[       nan,        nan,        nan,  ...,        nan,
                 nan,        nan],
         [       nan,        nan,        nan,  ...,        nan,
                 nan,        nan],
         [       nan,        nan,        nan,  ...,        nan,
                 nan,        nan],
         ...,
         [       nan,        nan,        nan,  ...,        nan,
                 nan,        nan],
         [       nan,        nan,        nan,  ...,        nan,
                 nan,        nan],
         [       nan,        nan,        nan,  ...,        nan,
                 nan,        nan]],

        [[3.4963e-01, 2.1715e+00, 2.4851e-01,  ..., 2.8251e-01,
          2.2636e-01, 7.8750e-01],
         [3.5687e-01, 1.8661e-01, 9.1398e-01,  ..., 4.9658e-02,
          3.8560e-01, 4.4885e-01],
         [       nan,        nan,        nan,  ...,        nan,
                 nan,        nan],
         ...,
         [       nan,        nan,        nan,  ...,        nan,
                 nan,        nan],
         [       nan,        nan,        nan,  ...,        nan,
                 nan,        nan],
         [       nan,        nan,        nan,  ...,        nan,
                 nan,        nan]],

        [[1.3161e+00, 1.0142e-01, 5.8130e-02,  ..., 1.5101e-01,
          1.9907e-01, 5.9774e-02],
         [8.0997e-01, 9.0518e-01, 2.5304e-02,  ..., 6.8962e-01,
          2.5094e-01, 7.1129e-01],
         [3.3961e-01, 1.0374e+00, 2.1667e-01,  ..., 1.4174e-01,
          4.2148e-01, 6.7491e-01],
         ...,
         [       nan,        nan,        nan,  ...,        nan,
                 nan,        nan],
         [       nan,        nan,        nan,  ...,        nan,
                 nan,        nan],
         [       nan,        nan,        nan,  ...,        nan,
                 nan,        nan]]])
names:  {'roberta': tensor([[[    0,     2,     1,     1]],

        [[    0,     2,     1,     1]],

        [[    0, 39130, 24250,     2]],

        [[    0, 39130, 24250,     2]],

        [[    0, 39130, 24250,     2]]]), 'roberta_copy_masks': tensor([[[ 0,  0, -1, -1]],

        [[ 0,  0, -1, -1]],

        [[ 0,  0,  0,  0]],

        [[ 0,  0,  0,  0]],

        [[ 0,  0,  0,  0]]])}
labels:  tensor([[1.1322e-02, 2.7467e-03, 9.5033e-02, 8.7505e-01, 2.0787e-03, 2.0787e-03,
         2.0787e-03, 2.6494e-03, 2.0787e-03, 2.5866e-03, 2.2949e-03, 0.0000e+00,
         0.0000e+00, 0.0000e+00, 0.0000e+00, 0.0000e+00, 0.0000e+00, 0.0000e+00],
        [1.1142e-04, 1.4722e-04, 1.1142e-04, 3.0053e-04, 1.1142e-04, 4.2835e-04,
         9.9820e-01, 1.8100e-04, 1.1142e-04, 1.5169e-04, 1.5045e-04, 0.0000e+00,
         0.0000e+00, 0.0000e+00, 0.0000e+00, 0.0000e+00, 0.0000e+00, 0.0000e+00],
        [1.7037e-02, 1.5342e-03, 1.8509e-03, 5.5718e-03, 1.7120e-03, 8.0375e-04,
         2.5318e-03, 1.4148e-03, 1.3621e-03, 9.2384e-01, 2.1076e-03, 2.5331e-03,
         1.5104e-03, 8.0375e-04, 2.2926e-03, 2.0998e-03, 2.9442e-02, 1.5505e-03],
        [2.9905e-01, 4.0521e-01, 9.0289e-02, 3.3820e-03, 1.5344e-02, 2.3380e-02,
         1.5113e-02, 3.3820e-03, 9.7125e-03, 2.2070e-02, 2.3256e-02, 1.6953e-02,
         1.1943e-02, 3.3820e-03, 1.3458e-02, 2.3084e-02, 8.4120e-03, 1.2586e-02],
        [3.5508e-07, 2.4120e-06, 5.3166e-07, 2.4383e-06, 1.0494e-01, 2.7957e-07,
         4.0679e-07, 1.5324e-07, 1.4753e-07, 8.9484e-01, 5.6336e-06, 3.2490e-07,
         2.4381e-07, 1.3049e-07, 2.9635e-07, 7.9185e-06, 1.9857e-04, 6.7816e-07]])
